<?xml version="1.0" encoding="UTF-8"?>
<!-- Generated by org.testng.reporters.JUnitReportReporter -->
<testsuite hostname="Biswa" failures="0" tests="2" name="Ekart.tests.SubmitOrderTest" time="24.157" errors="0" timestamp="2024-11-21T09:36:52 IST" skipped="0">
  <testcase classname="Ekart.tests.SubmitOrderTest" name="submitOrder" time="15.973"/>
  <testcase classname="Ekart.tests.SubmitOrderTest" name="orderHistoryTest" time="8.184"/>
</testsuite> <!-- Ekart.tests.SubmitOrderTest -->
