<?xml version="1.0" encoding="UTF-8"?>
<!-- Generated by org.testng.reporters.JUnitReportReporter -->
<testsuite hostname="Biswa" failures="0" tests="2" name="Ekart.tests.ErrorValidations" time="36.760" errors="0" timestamp="2024-11-21T09:36:52 IST" skipped="0">
  <testcase classname="Ekart.tests.ErrorValidations" name="Verify_added_cart_item" time="22.347"/>
  <testcase classname="Ekart.tests.ErrorValidations" name="Verify_error_invaliduser_and_password" time="14.413"/>
</testsuite> <!-- Ekart.tests.ErrorValidations -->
